000 (485781946.000.000) 2025-06-06 03:45:02 Job submitted from host: <10.14.0.12:9618?addrs=10.14.0.12-9618&alias=ldas-grid.ligo.caltech.edu&noUDP&sock=schedd_2400_c762>
...
040 (485781946.000.000) 2025-06-06 03:47:08 Started transferring input files
	Transferring to host: <10.14.10.134:9618?addrs=10.14.10.134-9618&alias=node2384.cluster.ldas.cit&noUDP&sock=slot1_13_3723_f0b0_7433>
...
040 (485781946.000.000) 2025-06-06 03:47:08 Finished transferring input files
...
001 (485781946.000.000) 2025-06-06 03:47:09 Job executing on host: <10.14.10.134:9618?addrs=10.14.10.134-9618&alias=node2384.cluster.ldas.cit&noUDP&sock=startd_2921_243a>
	SlotName: slot1_13@node2384.cluster.ldas.cit
	CondorScratchDir = "/var/lib/condor/execute/dir_2905436"
	Cpus = 1
	Disk = 1049600
	GPUs = 0
	Memory = 2048
...
006 (485781946.000.000) 2025-06-06 03:47:14 Image size of job updated: 1250
	0  -  MemoryUsage of job (MB)
	0  -  ResidentSetSize of job (KB)
...
040 (485781946.000.000) 2025-06-06 03:47:14 Started transferring output files
...
040 (485781946.000.000) 2025-06-06 03:47:14 Finished transferring output files
...
005 (485781946.000.000) 2025-06-06 03:47:15 Job terminated.
	(1) Normal termination (return value 0)
		Usr 0 00:00:02, Sys 0 00:00:02  -  Run Remote Usage
		Usr 0 00:00:00, Sys 0 00:00:00  -  Run Local Usage
		Usr 0 00:00:02, Sys 0 00:00:02  -  Total Remote Usage
		Usr 0 00:00:00, Sys 0 00:00:00  -  Total Local Usage
	14  -  Run Bytes Sent By Job
	1151249  -  Run Bytes Received By Job
	14  -  Total Bytes Sent By Job
	1151249  -  Total Bytes Received By Job
	Partitionable Resources :    Usage  Request Allocated 
	   Cpus                 :                 1         1 
	   Disk (KB)            :     1192  1048576   1049600 
	   GPUs                 :                           0 
	   Memory (MB)          :        0     2048      2048 
	   TimeExecute (s)      :        5                    
	   TimeSlotBusy (s)     :        6                    

	Job terminated of its own accord at 2025-06-06T10:47:14Z with exit-code 0.
...
000 (485782148.000.000) 2025-06-06 03:56:42 Job submitted from host: <10.14.0.12:9618?addrs=10.14.0.12-9618&alias=ldas-grid.ligo.caltech.edu&noUDP&sock=schedd_2400_c762>
...
