/cvmfs/software.igwn.org/conda/envs/igwn/lib/python3.10/site-packages/pykerr/qnm.py:2: UserWarning: pkg_resources is deprecated as an API. See https://setuptools.pypa.io/en/latest/pkg_resources.html. The pkg_resources package is slated for removal as early as 2025-11-30. Refrain from using this package or pin to Setuptools<81.
  import pkg_resources
lal.MSUN_SI != Msun
__name__ = gwsurrogate.new.spline_evaluation
__package__= gwsurrogate.new
time : SimInspiral_M_independent ecc = 0.2, q = 1, freqmin = 650 4.416426952928305  seconds
Figure is saved in Images/Polarisations
time : SimInspiral_M_independent ecc = 0, q = 1, freqmin = 650 0.29891882184892893  seconds
Figure is saved in Images/Residuals
time : SimInspiral_M_independent ecc = 0.2, q = 1, freqmin = 650 0.48411850398406386  seconds
time : SimInspiral_M_independent ecc = 0.01, q = 1, freqmin = 650 0.40094383293762803  seconds
time : SimInspiral_M_independent ecc = 0.012, q = 1, freqmin = 650 0.37080916203558445  seconds
time : SimInspiral_M_independent ecc = 0.014, q = 1, freqmin = 650 0.3760000769980252  seconds
time : SimInspiral_M_independent ecc = 0.016, q = 1, freqmin = 650 0.4024543077684939  seconds
time : SimInspiral_M_independent ecc = 0.018, q = 1, freqmin = 650 0.38832826539874077  seconds
time : SimInspiral_M_independent ecc = 0.02, q = 1, freqmin = 650 0.390218956861645  seconds
time : SimInspiral_M_independent ecc = 0.022, q = 1, freqmin = 650 0.4032742031849921  seconds
time : SimInspiral_M_independent ecc = 0.023, q = 1, freqmin = 650 0.3985925819724798  seconds
time : SimInspiral_M_independent ecc = 0.025, q = 1, freqmin = 650 0.6632457408122718  seconds
time : SimInspiral_M_independent ecc = 0.027, q = 1, freqmin = 650 0.41965297097340226  seconds
time : SimInspiral_M_independent ecc = 0.029, q = 1, freqmin = 650 0.40983858797699213  seconds
time : SimInspiral_M_independent ecc = 0.031, q = 1, freqmin = 650 0.4016093257814646  seconds
time : SimInspiral_M_independent ecc = 0.033, q = 1, freqmin = 650 0.4159013470634818  seconds
time : SimInspiral_M_independent ecc = 0.035, q = 1, freqmin = 650 0.4188209311105311  seconds
time : SimInspiral_M_independent ecc = 0.037, q = 1, freqmin = 650 0.44091063598170877  seconds
time : SimInspiral_M_independent ecc = 0.039, q = 1, freqmin = 650 0.46517871459946036  seconds
time : SimInspiral_M_independent ecc = 0.041, q = 1, freqmin = 650 0.4195100078359246  seconds
time : SimInspiral_M_independent ecc = 0.043, q = 1, freqmin = 650 0.4219705848954618  seconds
time : SimInspiral_M_independent ecc = 0.045, q = 1, freqmin = 650 0.433250246103853  seconds
time : SimInspiral_M_independent ecc = 0.046, q = 1, freqmin = 650 0.4362116688862443  seconds
time : SimInspiral_M_independent ecc = 0.048, q = 1, freqmin = 650 0.4333234350197017  seconds
time : SimInspiral_M_independent ecc = 0.05, q = 1, freqmin = 650 0.427798415068537  seconds
time : SimInspiral_M_independent ecc = 0.052, q = 1, freqmin = 650 0.4441519770771265  seconds
time : SimInspiral_M_independent ecc = 0.054, q = 1, freqmin = 650 0.4306579758413136  seconds
time : SimInspiral_M_independent ecc = 0.056, q = 1, freqmin = 650 0.4348978539928794  seconds
time : SimInspiral_M_independent ecc = 0.058, q = 1, freqmin = 650 0.4476326499134302  seconds
time : SimInspiral_M_independent ecc = 0.06, q = 1, freqmin = 650 0.4536141427233815  seconds
time : SimInspiral_M_independent ecc = 0.062, q = 1, freqmin = 650 0.4530692328698933  seconds
time : SimInspiral_M_independent ecc = 0.064, q = 1, freqmin = 650 0.4460488250479102  seconds
time : SimInspiral_M_independent ecc = 0.066, q = 1, freqmin = 650 0.45830338541418314  seconds
time : SimInspiral_M_independent ecc = 0.068, q = 1, freqmin = 650 0.4555638963356614  seconds
time : SimInspiral_M_independent ecc = 0.069, q = 1, freqmin = 650 0.467259181663394  seconds
time : SimInspiral_M_independent ecc = 0.071, q = 1, freqmin = 650 0.45318672014400363  seconds
time : SimInspiral_M_independent ecc = 0.073, q = 1, freqmin = 650 0.45381468115374446  seconds
time : SimInspiral_M_independent ecc = 0.075, q = 1, freqmin = 650 0.47762131318449974  seconds
time : SimInspiral_M_independent ecc = 0.077, q = 1, freqmin = 650 0.4544177236966789  seconds
time : SimInspiral_M_independent ecc = 0.079, q = 1, freqmin = 650 0.4544207309372723  seconds
time : SimInspiral_M_independent ecc = 0.081, q = 1, freqmin = 650 0.46826616674661636  seconds
time : SimInspiral_M_independent ecc = 0.083, q = 1, freqmin = 650 0.46778210904449224  seconds
time : SimInspiral_M_independent ecc = 0.085, q = 1, freqmin = 650 0.4613532042130828  seconds
time : SimInspiral_M_independent ecc = 0.087, q = 1, freqmin = 650 0.4765220987610519  seconds
time : SimInspiral_M_independent ecc = 0.089, q = 1, freqmin = 650 0.4648459176532924  seconds
time : SimInspiral_M_independent ecc = 0.091, q = 1, freqmin = 650 0.4793969769962132  seconds
time : SimInspiral_M_independent ecc = 0.093, q = 1, freqmin = 650 0.49692340893670917  seconds
time : SimInspiral_M_independent ecc = 0.094, q = 1, freqmin = 650 0.4628466018475592  seconds
time : SimInspiral_M_independent ecc = 0.096, q = 1, freqmin = 650 0.4713173722848296  seconds
time : SimInspiral_M_independent ecc = 0.098, q = 1, freqmin = 650 0.4729173588566482  seconds
time : SimInspiral_M_independent ecc = 0.1, q = 1, freqmin = 650 0.47504414012655616  seconds
time : SimInspiral_M_independent ecc = 0.102, q = 1, freqmin = 650 0.4704873342998326  seconds
time : SimInspiral_M_independent ecc = 0.104, q = 1, freqmin = 650 0.46689110063016415  seconds
time : SimInspiral_M_independent ecc = 0.106, q = 1, freqmin = 650 0.48164622904732823  seconds
time : SimInspiral_M_independent ecc = 0.108, q = 1, freqmin = 650 0.4793323269113898  seconds
time : SimInspiral_M_independent ecc = 0.11, q = 1, freqmin = 650 0.49663630733266473  seconds
time : SimInspiral_M_independent ecc = 0.112, q = 1, freqmin = 650 0.4798108800314367  seconds
time : SimInspiral_M_independent ecc = 0.114, q = 1, freqmin = 650 0.48074973886832595  seconds
time : SimInspiral_M_independent ecc = 0.116, q = 1, freqmin = 650 0.47951861983165145  seconds
time : SimInspiral_M_independent ecc = 0.117, q = 1, freqmin = 650 0.4892079709097743  seconds
time : SimInspiral_M_independent ecc = 0.119, q = 1, freqmin = 650 0.4748408030718565  seconds
time : SimInspiral_M_independent ecc = 0.121, q = 1, freqmin = 650 0.4775375910103321  seconds
time : SimInspiral_M_independent ecc = 0.123, q = 1, freqmin = 650 0.47958369366824627  seconds
time : SimInspiral_M_independent ecc = 0.125, q = 1, freqmin = 650 0.4851355580613017  seconds
time : SimInspiral_M_independent ecc = 0.127, q = 1, freqmin = 650 0.4760673767887056  seconds
time : SimInspiral_M_independent ecc = 0.129, q = 1, freqmin = 650 0.48690286790952086  seconds
time : SimInspiral_M_independent ecc = 0.131, q = 1, freqmin = 650 0.47540063969790936  seconds
time : SimInspiral_M_independent ecc = 0.133, q = 1, freqmin = 650 0.48565047420561314  seconds
time : SimInspiral_M_independent ecc = 0.135, q = 1, freqmin = 650 0.4853577767498791  seconds
time : SimInspiral_M_independent ecc = 0.137, q = 1, freqmin = 650 0.4839711729437113  seconds
time : SimInspiral_M_independent ecc = 0.139, q = 1, freqmin = 650 0.4951161718927324  seconds
time : SimInspiral_M_independent ecc = 0.141, q = 1, freqmin = 650 0.48517578886821866  seconds
time : SimInspiral_M_independent ecc = 0.142, q = 1, freqmin = 650 0.49302123207598925  seconds
time : SimInspiral_M_independent ecc = 0.144, q = 1, freqmin = 650 0.48518930608406663  seconds
time : SimInspiral_M_independent ecc = 0.146, q = 1, freqmin = 650 0.49685625499114394  seconds
time : SimInspiral_M_independent ecc = 0.148, q = 1, freqmin = 650 0.482645648997277  seconds
time : SimInspiral_M_independent ecc = 0.15, q = 1, freqmin = 650 0.4862241200171411  seconds
time : SimInspiral_M_independent ecc = 0.152, q = 1, freqmin = 650 0.48983447486534715  seconds
time : SimInspiral_M_independent ecc = 0.154, q = 1, freqmin = 650 0.5010462808422744  seconds
time : SimInspiral_M_independent ecc = 0.156, q = 1, freqmin = 650 0.486196069046855  seconds
time : SimInspiral_M_independent ecc = 0.158, q = 1, freqmin = 650 0.5041194600053132  seconds
time : SimInspiral_M_independent ecc = 0.16, q = 1, freqmin = 650 0.5139262150041759  seconds
time : SimInspiral_M_independent ecc = 0.162, q = 1, freqmin = 650 0.5063482043333352  seconds
time : SimInspiral_M_independent ecc = 0.164, q = 1, freqmin = 650 0.48854055628180504  seconds
time : SimInspiral_M_independent ecc = 0.165, q = 1, freqmin = 650 0.48952439799904823  seconds
time : SimInspiral_M_independent ecc = 0.167, q = 1, freqmin = 650 0.4884562389925122  seconds
time : SimInspiral_M_independent ecc = 0.169, q = 1, freqmin = 650 0.4906676090322435  seconds
time : SimInspiral_M_independent ecc = 0.171, q = 1, freqmin = 650 0.49863077234476805  seconds
time : SimInspiral_M_independent ecc = 0.173, q = 1, freqmin = 650 0.49595977226272225  seconds
time : SimInspiral_M_independent ecc = 0.175, q = 1, freqmin = 650 0.49912741128355265  seconds
time : SimInspiral_M_independent ecc = 0.177, q = 1, freqmin = 650 0.49875195091590285  seconds
time : SimInspiral_M_independent ecc = 0.179, q = 1, freqmin = 650 0.5253845020197332  seconds
time : SimInspiral_M_independent ecc = 0.181, q = 1, freqmin = 650 0.49922841787338257  seconds
time : SimInspiral_M_independent ecc = 0.183, q = 1, freqmin = 650 0.4914760566316545  seconds
time : SimInspiral_M_independent ecc = 0.185, q = 1, freqmin = 650 0.49236199306324124  seconds
time : SimInspiral_M_independent ecc = 0.187, q = 1, freqmin = 650 0.4926367742009461  seconds
time : SimInspiral_M_independent ecc = 0.188, q = 1, freqmin = 650 0.4947047522291541  seconds
time : SimInspiral_M_independent ecc = 0.19, q = 1, freqmin = 650 0.5029461761005223  seconds
time : SimInspiral_M_independent ecc = 0.192, q = 1, freqmin = 650 0.4991423641331494  seconds
time : SimInspiral_M_independent ecc = 0.194, q = 1, freqmin = 650 0.48808618960902095  seconds
time : SimInspiral_M_independent ecc = 0.196, q = 1, freqmin = 650 0.48842541594058275  seconds
time : SimInspiral_M_independent ecc = 0.198, q = 1, freqmin = 650 0.4861101401038468  seconds
[Errno 2] No such file or directory: 'Straindata/Residuals/residuals_phase_q=1_fmin=650_e=[0.01_0.3_N=40].npz'
time : SimInspiral_M_independent ecc = 0.3, q = 1, freqmin = 650 0.47076301695778966  seconds
time : SimInspiral_M_independent ecc = 0.01, q = 1, freqmin = 650 0.3892350746318698  seconds
time : SimInspiral_M_independent ecc = 0.017, q = 1, freqmin = 650 0.3983317231759429  seconds
time : SimInspiral_M_independent ecc = 0.025, q = 1, freqmin = 650 0.4012891207821667  seconds
time : SimInspiral_M_independent ecc = 0.032, q = 1, freqmin = 650 0.4146775878034532  seconds
time : SimInspiral_M_independent ecc = 0.04, q = 1, freqmin = 650 0.421984052285552  seconds
time : SimInspiral_M_independent ecc = 0.047, q = 1, freqmin = 650 0.4291893420740962  seconds
time : SimInspiral_M_independent ecc = 0.055, q = 1, freqmin = 650 0.43160575116053224  seconds
time : SimInspiral_M_independent ecc = 0.062, q = 1, freqmin = 650 0.427348047029227  seconds
time : SimInspiral_M_independent ecc = 0.069, q = 1, freqmin = 650 0.44115087389945984  seconds
time : SimInspiral_M_independent ecc = 0.077, q = 1, freqmin = 650 0.4592416500672698  seconds
time : SimInspiral_M_independent ecc = 0.084, q = 1, freqmin = 650 0.4611636018380523  seconds
time : SimInspiral_M_independent ecc = 0.092, q = 1, freqmin = 650 0.4656533277593553  seconds
time : SimInspiral_M_independent ecc = 0.099, q = 1, freqmin = 650 0.4680201909504831  seconds
time : SimInspiral_M_independent ecc = 0.107, q = 1, freqmin = 650 0.46653587417677045  seconds
time : SimInspiral_M_independent ecc = 0.114, q = 1, freqmin = 650 0.47798261465504766  seconds
time : SimInspiral_M_independent ecc = 0.122, q = 1, freqmin = 650 0.4836089499294758  seconds
time : SimInspiral_M_independent ecc = 0.129, q = 1, freqmin = 650 0.49622209277004004  seconds
time : SimInspiral_M_independent ecc = 0.136, q = 1, freqmin = 650 0.49730919441208243  seconds
time : SimInspiral_M_independent ecc = 0.144, q = 1, freqmin = 650 0.49012697767466307  seconds
time : SimInspiral_M_independent ecc = 0.151, q = 1, freqmin = 650 0.5026141097769141  seconds
time : SimInspiral_M_independent ecc = 0.159, q = 1, freqmin = 650 0.5021842778660357  seconds
time : SimInspiral_M_independent ecc = 0.166, q = 1, freqmin = 650 0.5030864109285176  seconds
time : SimInspiral_M_independent ecc = 0.174, q = 1, freqmin = 650 0.5142034711316228  seconds
time : SimInspiral_M_independent ecc = 0.181, q = 1, freqmin = 650 0.5053592752665281  seconds
time : SimInspiral_M_independent ecc = 0.188, q = 1, freqmin = 650 0.49647750798612833  seconds
time : SimInspiral_M_independent ecc = 0.196, q = 1, freqmin = 650 0.5036605969071388  seconds
time : SimInspiral_M_independent ecc = 0.203, q = 1, freqmin = 650 0.5043527707457542  seconds
time : SimInspiral_M_independent ecc = 0.211, q = 1, freqmin = 650 0.5037078880704939  seconds
time : SimInspiral_M_independent ecc = 0.218, q = 1, freqmin = 650 0.5034271627664566  seconds
time : SimInspiral_M_independent ecc = 0.226, q = 1, freqmin = 650 0.504688723012805  seconds
time : SimInspiral_M_independent ecc = 0.233, q = 1, freqmin = 650 0.4869584529660642  seconds
time : SimInspiral_M_independent ecc = 0.241, q = 1, freqmin = 650 0.5069951233454049  seconds
time : SimInspiral_M_independent ecc = 0.248, q = 1, freqmin = 650 0.49226481979712844  seconds
time : SimInspiral_M_independent ecc = 0.255, q = 1, freqmin = 650 0.4980469262227416  seconds
time : SimInspiral_M_independent ecc = 0.263, q = 1, freqmin = 650 0.49502211390063167  seconds
time : SimInspiral_M_independent ecc = 0.27, q = 1, freqmin = 650 0.4940247628837824  seconds
time : SimInspiral_M_independent ecc = 0.278, q = 1, freqmin = 650 0.491002410184592  seconds
time : SimInspiral_M_independent ecc = 0.285, q = 1, freqmin = 650 0.4886762290261686  seconds
time : SimInspiral_M_independent ecc = 0.293, q = 1, freqmin = 650 0.4883891581557691  seconds
time : SimInspiral_M_independent ecc = 0, q = 1, freqmin = 650 0.29338544607162476  seconds
Residuals saved to Straindata/Residuals
Calculating greedy parameters...
Highest error of best approximation of the basis: 0.00036 | 20 basis vectors
[37, 0, 39, 38, 28, 27, 36, 16, 14, 34, 11, 33, 35, 30, 32, 29, 31, 19, 23, 25]
Calculating empirical nodes...
time : SimInspiral_M_independent ecc = 0.1, q = 1, freqmin = 650 0.4886221210472286  seconds
Figure is saved in Images/Empirical_nodes/EIM_phase_e=0.1_q=1_fmin=650_iN=40_gN=20.png
